Assuming unrestricted shared filesystem usage.
host: hpc-cpu-84
Building DAG of jobs...
Using shell: /usr/bin/bash
Provided cores: 30
Rules claiming more threads will be scaled down.
Job stats:
job         count
--------  -------
all             1
annotate        1
total           2

Select jobs to execute...
Execute 1 jobs...
[Sun Dec 28 14:22:55 2025]
localrule annotate:
    input: annotation/vcf_to_annotate.vcf
    output: annotation/annotated.vcf
    jobid: 1
    reason: Missing output files: annotation/annotated.vcf
    resources: tmpdir=/data/cephfs-1/home/users/jali13_c/scratch/tmp, mem_mb=100000, mem_mib=95368
[Sun Dec 28 14:23:58 2025]
Finished jobid: 1 (Rule: annotate)
1 of 2 steps (50%) done
Select jobs to execute...
Execute 1 jobs...
[Sun Dec 28 14:23:58 2025]
localrule all:
    input: annotation/annotated.vcf
    jobid: 0
    reason: Input files updated by another job: annotation/annotated.vcf
    resources: tmpdir=/data/cephfs-1/home/users/jali13_c/scratch/tmp
[Sun Dec 28 14:23:58 2025]
Finished jobid: 0 (Rule: all)
2 of 2 steps (100%) done
Complete log(s): /data/cephfs-1/work/groups/cubi/users/jali13_c/ACTIONABLES_INFO_GATHER/ANNOTATIONS/CALLED_VARIANTS/snakedir/.snakemake/log/2025-12-28T142254.935137.snakemake.log
