Assuming unrestricted shared filesystem usage.
host: hpc-cpu-226
Building DAG of jobs...
Using shell: /usr/bin/bash
Provided cores: 20
Rules claiming more threads will be scaled down.
Job stats:
job               count
--------------  -------
all                   1
pileup                1
process_pileup        1
total                 3

Select jobs to execute...
Execute 1 jobs...
[Mon Dec 29 09:17:51 2025]
localrule pileup:
    input: /data/cephfs-1/home/users/jali13_c/work/ACTIONABLES_INFO_GATHER/ANNOTATIONS/CALLED_VARIANTS/snakedir/init_input_files/bamlist_file.txt
    output: pileup/raw_pileup.txt
    jobid: 3
    reason: Code has changed since last execution
    resources: tmpdir=/data/cephfs-1/home/users/jali13_c/scratch/tmp, mem_mb=100000, mem_mib=95368
