Assuming unrestricted shared filesystem usage.
host: hpc-cpu-66
Building DAG of jobs...
Using shell: /usr/bin/bash
Provided cores: 50
Rules claiming more threads will be scaled down.
Job stats:
job       count
------  -------
all           1
pileup        1
total         2

Select jobs to execute...
Execute 1 jobs...
[Tue Dec 23 23:05:04 2025]
localrule pileup:
    input: /data/cephfs-1/home/users/jali13_c/work/ACTIONABLES_INFO_GATHER/ANNOTATIONS/CALLED_VARIANTS/snakedir2/init_input_files/bamlist_file.txt
    output: pileup/raw_pileup.txt
    jobid: 1
    reason: Missing output files: pileup/raw_pileup.txt; Code has changed since last execution
    resources: tmpdir=/data/cephfs-1/home/users/jali13_c/scratch/tmp, mem_mb=100000, mem_mib=95368
RuleException:
CalledProcessError in file "/data/cephfs-1/work/groups/cubi/users/jali13_c/ACTIONABLES_INFO_GATHER/ANNOTATIONS/CALLED_VARIANTS/snakedir2/Snakefile.smk", line 69:
Command 'set -euo pipefail;  
        awk -F ';' '{print $1, $2}' /data/cephfs-1/home/users/jali13_c/work/ACTIONABLES_INFO_GATHER/ANNOTATIONS/CALLED_VARIANTS/snakedir2/init_input_files/multi_vcf_compilation.txt | sed 's/ /	/g' | tail -n + 2 > tmp.txt
        bash /data/cephfs-1/home/users/jali13_c/work/ACTIONABLES_INFO_GATHER/ANNOTATIONS/CALLED_VARIANTS/snakedir2/scripts/pileup.sh "/data/cephfs-1/home/users/jali13_c/work/ACTIONABLES_INFO_GATHER/ANNOTATIONS/CALLED_VARIANTS/snakedir2/init_input_files/bamlist_file.txt" tmp.txt "/data/cephfs-1/home/users/jali13_c/work/ACTIONABLES_INFO_GATHER/TNs_vs_FNs/PIPELINE_V2_PLAYGROUND/data/genome/GRCh38.d1.vd1.fa" "pileup/raw_pileup.txt"
        rm tmp.txt' returned non-zero exit status 1.
[Tue Dec 23 23:05:04 2025]
Error in rule pileup:
    message: None
    jobid: 1
    input: /data/cephfs-1/home/users/jali13_c/work/ACTIONABLES_INFO_GATHER/ANNOTATIONS/CALLED_VARIANTS/snakedir2/init_input_files/bamlist_file.txt
    output: pileup/raw_pileup.txt
    shell:
        
        awk -F ';' '{print $1, $2}' /data/cephfs-1/home/users/jali13_c/work/ACTIONABLES_INFO_GATHER/ANNOTATIONS/CALLED_VARIANTS/snakedir2/init_input_files/multi_vcf_compilation.txt | sed 's/ /	/g' | tail -n + 2 > tmp.txt
        bash /data/cephfs-1/home/users/jali13_c/work/ACTIONABLES_INFO_GATHER/ANNOTATIONS/CALLED_VARIANTS/snakedir2/scripts/pileup.sh "/data/cephfs-1/home/users/jali13_c/work/ACTIONABLES_INFO_GATHER/ANNOTATIONS/CALLED_VARIANTS/snakedir2/init_input_files/bamlist_file.txt" tmp.txt "/data/cephfs-1/home/users/jali13_c/work/ACTIONABLES_INFO_GATHER/TNs_vs_FNs/PIPELINE_V2_PLAYGROUND/data/genome/GRCh38.d1.vd1.fa" "pileup/raw_pileup.txt"
        rm tmp.txt
        
        (command exited with non-zero exit code)
Shutting down, this might take some time.
Exiting because a job execution failed. Look below for error messages
[Tue Dec 23 23:05:04 2025]
Error in rule pileup:
    message: None
    jobid: 1
    input: /data/cephfs-1/home/users/jali13_c/work/ACTIONABLES_INFO_GATHER/ANNOTATIONS/CALLED_VARIANTS/snakedir2/init_input_files/bamlist_file.txt
    output: pileup/raw_pileup.txt
    shell:
        
        awk -F ';' '{print $1, $2}' /data/cephfs-1/home/users/jali13_c/work/ACTIONABLES_INFO_GATHER/ANNOTATIONS/CALLED_VARIANTS/snakedir2/init_input_files/multi_vcf_compilation.txt | sed 's/ /	/g' | tail -n + 2 > tmp.txt
        bash /data/cephfs-1/home/users/jali13_c/work/ACTIONABLES_INFO_GATHER/ANNOTATIONS/CALLED_VARIANTS/snakedir2/scripts/pileup.sh "/data/cephfs-1/home/users/jali13_c/work/ACTIONABLES_INFO_GATHER/ANNOTATIONS/CALLED_VARIANTS/snakedir2/init_input_files/bamlist_file.txt" tmp.txt "/data/cephfs-1/home/users/jali13_c/work/ACTIONABLES_INFO_GATHER/TNs_vs_FNs/PIPELINE_V2_PLAYGROUND/data/genome/GRCh38.d1.vd1.fa" "pileup/raw_pileup.txt"
        rm tmp.txt
        
        (command exited with non-zero exit code)
Complete log(s): /data/cephfs-1/work/groups/cubi/users/jali13_c/ACTIONABLES_INFO_GATHER/ANNOTATIONS/CALLED_VARIANTS/snakedir2/.snakemake/log/2025-12-23T230504.690241.snakemake.log
WorkflowError:
At least one job did not complete successfully.
