Assuming unrestricted shared filesystem usage.
host: hpc-cpu-59
Building DAG of jobs...
Using shell: /usr/bin/bash
Provided cores: 30
Rules claiming more threads will be scaled down.
Job stats:
job                     count
--------------------  -------
all                         1
make_vcf_to_annotate        1
pileup                      1
process_pileup              1
total                       4

Select jobs to execute...
Failed to solve scheduling problem with ILP solver, falling back to greedy scheduler. You likely have to fix your ILP solver installation. Error message: PULP_CBC_CMD: Not Available (check permissions on cbc)
Execute 2 jobs...
[Fri Dec 26 09:30:42 2025]
localrule make_vcf_to_annotate:
    input: init_input_files/multi_vcf_compilation.txt
    output: variants_loci/loci.txt, annotation/vcf_to_annotate.vcf
    jobid: 2
    reason: Code has changed since last execution
    resources: tmpdir=/data/cephfs-1/home/users/jali13_c/scratch/tmp, mem_mb=50000, mem_mib=47684
[Fri Dec 26 09:30:42 2025]
localrule pileup:
    input: /data/cephfs-1/home/users/jali13_c/work/ACTIONABLES_INFO_GATHER/ANNOTATIONS/CALLED_VARIANTS/snakedir/init_input_files/bamlist_file.txt
    output: pileup/raw_pileup.txt
    jobid: 3
    reason: Missing output files: pileup/raw_pileup.txt
    resources: tmpdir=/data/cephfs-1/home/users/jali13_c/scratch/tmp, mem_mb=100000, mem_mib=95368
RuleException:
CalledProcessError in file "/data/cephfs-1/work/groups/cubi/users/jali13_c/ACTIONABLES_INFO_GATHER/ANNOTATIONS/CALLED_VARIANTS/snakedir/Snakefile.smk", line 71:
Command 'set -euo pipefail;  
        awk -F ';' '{print $1, $2}' /data/cephfs-1/home/users/jali13_c/work/ACTIONABLES_INFO_GATHER/ANNOTATIONS/CALLED_VARIANTS/snakedir/init_input_files/multi_vcf_compilation.txt | sed 's/ /	/g' | tail -n +2 > tmp.txt
        bash /data/cephfs-1/home/users/jali13_c/work/ACTIONABLES_INFO_GATHER/ANNOTATIONS/CALLED_VARIANTS/snakedir/scripts/pileup.sh "/data/cephfs-1/home/users/jali13_c/work/ACTIONABLES_INFO_GATHER/ANNOTATIONS/CALLED_VARIANTS/snakedir/init_input_files/bamlist_file.txt" tmp.txt "/data/cephfs-1/home/users/jali13_c/work/ACTIONABLES_INFO_GATHER/TNs_vs_FNs/PIPELINE_V2_PLAYGROUND/data/genome/GRCh38.d1.vd1.fa" "pileup/raw_pileup.txt"
        rm tmp.txt' returned non-zero exit status 1.
[Fri Dec 26 09:30:42 2025]
Error in rule pileup:
    message: None
    jobid: 3
    input: /data/cephfs-1/home/users/jali13_c/work/ACTIONABLES_INFO_GATHER/ANNOTATIONS/CALLED_VARIANTS/snakedir/init_input_files/bamlist_file.txt
    output: pileup/raw_pileup.txt
    shell:
        
        awk -F ';' '{print $1, $2}' /data/cephfs-1/home/users/jali13_c/work/ACTIONABLES_INFO_GATHER/ANNOTATIONS/CALLED_VARIANTS/snakedir/init_input_files/multi_vcf_compilation.txt | sed 's/ /	/g' | tail -n +2 > tmp.txt
        bash /data/cephfs-1/home/users/jali13_c/work/ACTIONABLES_INFO_GATHER/ANNOTATIONS/CALLED_VARIANTS/snakedir/scripts/pileup.sh "/data/cephfs-1/home/users/jali13_c/work/ACTIONABLES_INFO_GATHER/ANNOTATIONS/CALLED_VARIANTS/snakedir/init_input_files/bamlist_file.txt" tmp.txt "/data/cephfs-1/home/users/jali13_c/work/ACTIONABLES_INFO_GATHER/TNs_vs_FNs/PIPELINE_V2_PLAYGROUND/data/genome/GRCh38.d1.vd1.fa" "pileup/raw_pileup.txt"
        rm tmp.txt
        
        (command exited with non-zero exit code)
Removing output files of failed job pileup since they might be corrupted:
pileup/raw_pileup.txt
[Fri Dec 26 09:30:43 2025]
Finished jobid: 2 (Rule: make_vcf_to_annotate)
1 of 4 steps (25%) done
Shutting down, this might take some time.
Exiting because a job execution failed. Look below for error messages
[Fri Dec 26 09:30:43 2025]
Error in rule pileup:
    message: None
    jobid: 3
    input: /data/cephfs-1/home/users/jali13_c/work/ACTIONABLES_INFO_GATHER/ANNOTATIONS/CALLED_VARIANTS/snakedir/init_input_files/bamlist_file.txt
    output: pileup/raw_pileup.txt
    shell:
        
        awk -F ';' '{print $1, $2}' /data/cephfs-1/home/users/jali13_c/work/ACTIONABLES_INFO_GATHER/ANNOTATIONS/CALLED_VARIANTS/snakedir/init_input_files/multi_vcf_compilation.txt | sed 's/ /	/g' | tail -n +2 > tmp.txt
        bash /data/cephfs-1/home/users/jali13_c/work/ACTIONABLES_INFO_GATHER/ANNOTATIONS/CALLED_VARIANTS/snakedir/scripts/pileup.sh "/data/cephfs-1/home/users/jali13_c/work/ACTIONABLES_INFO_GATHER/ANNOTATIONS/CALLED_VARIANTS/snakedir/init_input_files/bamlist_file.txt" tmp.txt "/data/cephfs-1/home/users/jali13_c/work/ACTIONABLES_INFO_GATHER/TNs_vs_FNs/PIPELINE_V2_PLAYGROUND/data/genome/GRCh38.d1.vd1.fa" "pileup/raw_pileup.txt"
        rm tmp.txt
        
        (command exited with non-zero exit code)
Complete log(s): /data/cephfs-1/work/groups/cubi/users/jali13_c/ACTIONABLES_INFO_GATHER/ANNOTATIONS/CALLED_VARIANTS/snakedir/.snakemake/log/2025-12-26T093042.787980.snakemake.log
WorkflowError:
At least one job did not complete successfully.
