Assuming unrestricted shared filesystem usage.
host: hpc-cpu-159
Building DAG of jobs...
Using shell: /usr/bin/bash
Provided cores: 20
Rules claiming more threads will be scaled down.
Job stats:
job                     count
--------------------  -------
all                         1
make_vcf_to_annotate        1
total                       2

Select jobs to execute...
Execute 1 jobs...
[Tue Dec 23 11:15:40 2025]
localrule make_vcf_to_annotate:
    input: init_input_files/multi_vcf_compilation.txt
    output: annotation/vcf_to_annotate.vcf
    jobid: 1
    reason: Missing output files: annotation/vcf_to_annotate.vcf
    resources: tmpdir=/data/cephfs-1/home/users/jali13_c/scratch/tmp, mem_mb=50000, mem_mib=47684
RuleException:
CalledProcessError in file "/data/cephfs-1/work/groups/cubi/users/jali13_c/ACTIONABLES_INFO_GATHER/ANNOTATIONS/CALLED_VARIANTS/snakedir2/Snakefile.smk", line 33:
Command 'set -euo pipefail;  
        python3 /data/cephfs-1/home/users/jali13_c/work/ACTIONABLES_INFO_GATHER/ANNOTATIONS/CALLED_VARIANTS/snakedir2/scripts/make_vcf.py "init_input_files/multi_vcf_compilation.txt" "annotation/vcf_to_annotate.vcf"' returned non-zero exit status 1.
[Tue Dec 23 11:15:40 2025]
Error in rule make_vcf_to_annotate:
    message: None
    jobid: 1
    input: init_input_files/multi_vcf_compilation.txt
    output: annotation/vcf_to_annotate.vcf
    shell:
        
        python3 /data/cephfs-1/home/users/jali13_c/work/ACTIONABLES_INFO_GATHER/ANNOTATIONS/CALLED_VARIANTS/snakedir2/scripts/make_vcf.py "init_input_files/multi_vcf_compilation.txt" "annotation/vcf_to_annotate.vcf"
        
        (command exited with non-zero exit code)
Removing output files of failed job make_vcf_to_annotate since they might be corrupted:
annotation/vcf_to_annotate.vcf
Shutting down, this might take some time.
Exiting because a job execution failed. Look below for error messages
[Tue Dec 23 11:15:40 2025]
Error in rule make_vcf_to_annotate:
    message: None
    jobid: 1
    input: init_input_files/multi_vcf_compilation.txt
    output: annotation/vcf_to_annotate.vcf
    shell:
        
        python3 /data/cephfs-1/home/users/jali13_c/work/ACTIONABLES_INFO_GATHER/ANNOTATIONS/CALLED_VARIANTS/snakedir2/scripts/make_vcf.py "init_input_files/multi_vcf_compilation.txt" "annotation/vcf_to_annotate.vcf"
        
        (command exited with non-zero exit code)
Complete log(s): /data/cephfs-1/work/groups/cubi/users/jali13_c/ACTIONABLES_INFO_GATHER/ANNOTATIONS/CALLED_VARIANTS/snakedir2/.snakemake/log/2025-12-23T111539.976648.snakemake.log
WorkflowError:
At least one job did not complete successfully.
