Assuming unrestricted shared filesystem usage.
host: hpc-cpu-226
Building DAG of jobs...
Using shell: /usr/bin/bash
Provided cores: 30
Rules claiming more threads will be scaled down.
Job stats:
job                     count
--------------------  -------
all                         1
make_vcf_to_annotate        1
pileup                      1
process_pileup              1
total                       4

Select jobs to execute...
Failed to solve scheduling problem with ILP solver, falling back to greedy scheduler. You likely have to fix your ILP solver installation. Error message: PULP_CBC_CMD: Not Available (check permissions on cbc)
Execute 2 jobs...
[Mon Dec 29 10:15:37 2025]
localrule make_vcf_to_annotate:
    input: init_input_files/multi_vcf_compilation.txt
    output: variants_loci/loci.txt, annotation/vcf_to_annotate.vcf
    jobid: 2
    reason: Missing output files: variants_loci/loci.txt
    resources: tmpdir=/data/cephfs-1/home/users/jali13_c/scratch/tmp, mem_mb=50000, mem_mib=47684
[Mon Dec 29 10:15:37 2025]
localrule pileup:
    input: /data/cephfs-1/home/users/jali13_c/work/ACTIONABLES_INFO_GATHER/ANNOTATIONS/CALLED_VARIANTS/snakedir/init_input_files/bamlist_file.txt
    output: pileup/raw_pileup.txt
    jobid: 3
    reason: Missing output files: pileup/raw_pileup.txt
    resources: tmpdir=/data/cephfs-1/home/users/jali13_c/scratch/tmp, mem_mb=100000, mem_mib=95368
[Mon Dec 29 10:15:37 2025]
Finished jobid: 2 (Rule: make_vcf_to_annotate)
1 of 4 steps (25%) done
[Mon Dec 29 10:18:40 2025]
Finished jobid: 3 (Rule: pileup)
2 of 4 steps (50%) done
Select jobs to execute...
Execute 1 jobs...
[Mon Dec 29 10:18:40 2025]
localrule process_pileup:
    input: variants_loci/loci.txt, pileup/raw_pileup.txt, /data/cephfs-1/home/users/jali13_c/work/ACTIONABLES_INFO_GATHER/ANNOTATIONS/CALLED_VARIANTS/snakedir/init_input_files/bamlist_file.txt
    output: pileup/pileup.processed.csv
    jobid: 1
    reason: Missing output files: pileup/pileup.processed.csv; Input files updated by another job: pileup/raw_pileup.txt, variants_loci/loci.txt
    resources: tmpdir=/data/cephfs-1/home/users/jali13_c/scratch/tmp, mem_mb=50000, mem_mib=47684
[Mon Dec 29 10:18:41 2025]
Finished jobid: 1 (Rule: process_pileup)
3 of 4 steps (75%) done
Select jobs to execute...
Execute 1 jobs...
[Mon Dec 29 10:18:41 2025]
localrule all:
    input: pileup/pileup.processed.csv
    jobid: 0
    reason: Input files updated by another job: pileup/pileup.processed.csv
    resources: tmpdir=/data/cephfs-1/home/users/jali13_c/scratch/tmp
[Mon Dec 29 10:18:41 2025]
Finished jobid: 0 (Rule: all)
4 of 4 steps (100%) done
Complete log(s): /data/cephfs-1/work/groups/cubi/users/jali13_c/ACTIONABLES_INFO_GATHER/ANNOTATIONS/CALLED_VARIANTS/snakedir/.snakemake/log/2025-12-29T101536.945163.snakemake.log
