Assuming unrestricted shared filesystem usage.
host: hpc-cpu-159
Building DAG of jobs...
Using shell: /usr/bin/bash
Provided cores: 20
Rules claiming more threads will be scaled down.
Job stats:
job         count
--------  -------
all             1
annotate        1
total           2

Select jobs to execute...
Execute 1 jobs...
[Tue Dec 23 11:59:54 2025]
localrule annotate:
    input: annotation/vcf_to_annotate.vcf
    output: annotation/annotated.vcf
    jobid: 1
    reason: Missing output files: annotation/annotated.vcf; Params have changed since last execution: Union of exclusive params before and now across all output: before: 'GRCh38.86' now: 'GRCh38.92' 
    resources: tmpdir=/data/cephfs-1/home/users/jali13_c/scratch/tmp, mem_mb=100000, mem_mib=95368
[Tue Dec 23 12:01:13 2025]
Finished jobid: 1 (Rule: annotate)
1 of 2 steps (50%) done
Select jobs to execute...
Execute 1 jobs...
[Tue Dec 23 12:01:13 2025]
localrule all:
    input: annotation/annotated.vcf
    jobid: 0
    reason: Input files updated by another job: annotation/annotated.vcf
    resources: tmpdir=/data/cephfs-1/home/users/jali13_c/scratch/tmp
[Tue Dec 23 12:01:13 2025]
Finished jobid: 0 (Rule: all)
2 of 2 steps (100%) done
Complete log(s): /data/cephfs-1/work/groups/cubi/users/jali13_c/ACTIONABLES_INFO_GATHER/ANNOTATIONS/CALLED_VARIANTS/snakedir2/.snakemake/log/2025-12-23T115954.840688.snakemake.log
