Assuming unrestricted shared filesystem usage.
host: hpc-cpu-84
Building DAG of jobs...
Using shell: /usr/bin/bash
Provided cores: 30
Rules claiming more threads will be scaled down.
Job stats:
job                     count
--------------------  -------
all                         1
make_vcf_to_annotate        1
total                       2

Select jobs to execute...
Execute 1 jobs...
[Sun Dec 28 14:11:27 2025]
localrule make_vcf_to_annotate:
    input: init_input_files/multi_vcf_compilation.txt
    output: variants_loci/loci.txt, annotation/vcf_to_annotate.vcf
    jobid: 1
    reason: Missing output files: variants_loci/loci.txt, annotation/vcf_to_annotate.vcf
    resources: tmpdir=/data/cephfs-1/home/users/jali13_c/scratch/tmp, mem_mb=50000, mem_mib=47684
[Sun Dec 28 14:11:27 2025]
Finished jobid: 1 (Rule: make_vcf_to_annotate)
1 of 2 steps (50%) done
Select jobs to execute...
Execute 1 jobs...
[Sun Dec 28 14:11:27 2025]
localrule all:
    input: variants_loci/loci.txt, annotation/vcf_to_annotate.vcf
    jobid: 0
    reason: Input files updated by another job: variants_loci/loci.txt, annotation/vcf_to_annotate.vcf
    resources: tmpdir=/data/cephfs-1/home/users/jali13_c/scratch/tmp
[Sun Dec 28 14:11:27 2025]
Finished jobid: 0 (Rule: all)
2 of 2 steps (100%) done
Complete log(s): /data/cephfs-1/work/groups/cubi/users/jali13_c/ACTIONABLES_INFO_GATHER/ANNOTATIONS/CALLED_VARIANTS/snakedir/.snakemake/log/2025-12-28T141127.637020.snakemake.log
